IMPORTANT: Complete ONLY the instruction given above and then STOP immediately. Do not perform any additional actions like extracting data, scrolling further, or navigating to other pages unless explicitly requested in the instruction. You can make any auxiliary decisions needed to complete the instruction itself (like handling popups, accepting cookies, etc.), but do not go beyond what was asked.
INFO     [Agent] Starting a browser-use agent with version 0.9.0, with provider=openai and model=gpt-4o
WARNING  [bubus] ‚ö†Ô∏è EventBus_8008b5f7üü¢(‚è≥ 0 | ‚ñ∂Ô∏è 2 | ‚úÖ 0 ‚û°Ô∏è 30 üëÇ) handler browser_use.browser.watchdog_base.BrowserSession.on_BrowserStartEvent() has been running for >15s on event. Possible slow processing or deadlock.
(handler could be trying to await its own result or could be blocked by another async task).
browser_use.browser.watchdog_base.BrowserSession.on_BrowserStartEvent(?‚ñ∂ BrowserStartEvent#fc0f üèÉ)
WARNING  [bubus] ‚ö†Ô∏è EventBus_8008b5f7üü¢(‚è≥ 0 | ‚ñ∂Ô∏è 2 | ‚úÖ 0 ‚û°Ô∏è 30 üëÇ) handler browser_use.browser.watchdog_base.LocalBrowserWatchdog.on_BrowserLaunchEvent() has been running for >15s on event. Possible slow processing or deadlock.
(handler could be trying to await its own result or could be blocked by another async task).
browser_use.browser.watchdog_base.LocalBrowserWatchdog.on_BrowserLaunchEvent(?‚ñ∂ BrowserLaunchEvent#c4d0 üèÉ)
WARNING  [bubus] ================================================================================
WARNING  [bubus] ‚è±Ô∏è  TIMEOUT ERROR - Handling took more than 30.0s for EventBus_8008b5f7.browser_use.browser.watchdog_base.BrowserSession.on_BrowserStartEvent(?‚ñ∂ BrowserStartEvent#fc0f ‚úÖ)
WARNING  [bubus] ================================================================================
WARNING  [bubus] üì£ BrowserStartEvent#fc0f                                              30s
WARNING  [bubus]    ‚è∞ browser_use.browser.watchdog_base.BrowserSession.on_BrowserStartEvent(#fc0f) ‚åõÔ∏è 30s/30s   ‚¨ÖÔ∏è TIMEOUT HERE ‚è∞
WARNING  [bubus]       üì£ BrowserLaunchEvent#c4d0                                       30s
WARNING  [bubus]          ‚òëÔ∏è browser_use.browser.watchdog_base.DownloadsWatchdog.on_BrowserLaunchEvent(#c4d0)     0s/30s   ‚úì
WARNING  [bubus]          ‚û°Ô∏è browser_use.browser.watchdog_base.LocalBrowserWatchdog.on_BrowserLaunchEvent(#c4d0) ‚è≥ 30s/30s   ‚¨ÖÔ∏è INTERRUPTED ‚úÇÔ∏è
WARNING  [bubus] 
================================================================================

ERROR    [Agent] Agent run failed with exception: Event handler browser_use.browser.watchdog_base.BrowserSession.on_BrowserStartEvent#5056(?‚ñ∂ BrowserStartEvent#fc0f üèÉ) timed out after 30.0s and interrupted any processing of 1 child events
Traceback (most recent call last):
  File "C:\Users\Sandeep\Downloads\ginger (1) 2\ginger\.venv\Lib\site-packages\bubus\service.py", line 1128, in execute_handler
    result_value: Any = await asyncio.wait_for(handler_task, timeout=event_result.timeout)
                        ^^^^^^^^^^^^^^^^^^^^^^^^^^^^^^^^^^^^^^^^^^^^^^^^^^^^^^^^^^^^^^^^^^
  File "C:\Program Files\WindowsApps\PythonSoftwareFoundation.Python.3.11_3.11.2544.0_x64__qbz5n2kfra8p0\Lib\asyncio\tasks.py", line 476, in wait_for
    await waiter
asyncio.exceptions.CancelledError

The above exception was the direct cause of the following exception:

Traceback (most recent call last):
  File "C:\Program Files\WindowsApps\PythonSoftwareFoundation.Python.3.11_3.11.2544.0_x64__qbz5n2kfra8p0\Lib\asyncio\tasks.py", line 500, in wait_for
    return fut.result()
           ^^^^^^^^^^^^
  File "C:\Users\Sandeep\Downloads\ginger (1) 2\ginger\.venv\Lib\site-packages\browser_use\browser\watchdog_base.py", line 108, in unique_handler
    result = await actual_handler(event)
             ^^^^^^^^^^^^^^^^^^^^^^^^^^^
  File "C:\Users\Sandeep\Downloads\ginger (1) 2\ginger\.venv\Lib\site-packages\browser_use\observability.py", line 73, in async_wrapper
    return await func(*args, **kwargs)
           ^^^^^^^^^^^^^^^^^^^^^^^^^^^
  File "C:\Users\Sandeep\Downloads\ginger (1) 2\ginger\.venv\Lib\site-packages\browser_use\browser\session.py", line 532, in on_BrowserStartEvent
    await launch_event
  File "C:\Users\Sandeep\Downloads\ginger (1) 2\ginger\.venv\Lib\site-packages\bubus\models.py", line 313, in wait_for_handlers_to_complete_then_return_event
    await bus.process_event(event)
  File "C:\Users\Sandeep\Downloads\ginger (1) 2\ginger\.venv\Lib\site-packages\bubus\service.py", line 976, in process_event
    await self._execute_handlers(event, handlers=applicable_handlers, timeout=timeout)
  File "C:\Users\Sandeep\Downloads\ginger (1) 2\ginger\.venv\Lib\site-packages\bubus\service.py", line 1070, in _execute_handlers
    await self.execute_handler(event, handler, timeout=timeout)
  File "C:\Users\Sandeep\Downloads\ginger (1) 2\ginger\.venv\Lib\site-packages\bubus\service.py", line 1174, in execute_handler
    raise handler_interrupted_error from e
asyncio.exceptions.CancelledError: Event handler browser_use.browser.watchdog_base.LocalBrowserWatchdog.on_BrowserLaunchEvent#3136(?‚ñ∂ BrowserLaunchEvent#c4d0 üèÉ) was interrupted because of a parent timeout

The above exception was the direct cause of the following exception:

Traceback (most recent call last):
  File "C:\Users\Sandeep\Downloads\ginger (1) 2\ginger\.venv\Lib\site-packages\bubus\service.py", line 1128, in execute_handler
    result_value: Any = await asyncio.wait_for(handler_task, timeout=event_result.timeout)
                        ^^^^^^^^^^^^^^^^^^^^^^^^^^^^^^^^^^^^^^^^^^^^^^^^^^^^^^^^^^^^^^^^^^
  File "C:\Program Files\WindowsApps\PythonSoftwareFoundation.Python.3.11_3.11.2544.0_x64__qbz5n2kfra8p0\Lib\asyncio\tasks.py", line 502, in wait_for
    raise exceptions.TimeoutError() from exc
TimeoutError

The above exception was the direct cause of the following exception:

Traceback (most recent call last):
  File "C:\Users\Sandeep\Downloads\ginger (1) 2\ginger\.venv\Lib\site-packages\browser_use\agent\service.py", line 1524, in run
    await self.browser_session.start()
  File "C:\Users\Sandeep\Downloads\ginger (1) 2\ginger\.venv\Lib\site-packages\browser_use\observability.py", line 73, in async_wrapper
    return await func(*args, **kwargs)
           ^^^^^^^^^^^^^^^^^^^^^^^^^^^
  File "C:\Users\Sandeep\Downloads\ginger (1) 2\ginger\.venv\Lib\site-packages\browser_use\browser\session.py", line 459, in start
    await start_event.event_result(raise_if_any=True, raise_if_none=False)
  File "C:\Users\Sandeep\Downloads\ginger (1) 2\ginger\.venv\Lib\site-packages\bubus\models.py", line 574, in event_result
    valid_results = await self.event_results_filtered(
                    ^^^^^^^^^^^^^^^^^^^^^^^^^^^^^^^^^^
  File "C:\Users\Sandeep\Downloads\ginger (1) 2\ginger\.venv\Lib\site-packages\bubus\models.py", line 516, in event_results_filtered
    raise original_error
  File "C:\Users\Sandeep\Downloads\ginger (1) 2\ginger\.venv\Lib\site-packages\bubus\models.py", line 490, in event_results_filtered
    await event_result
  File "C:\Users\Sandeep\Downloads\ginger (1) 2\ginger\.venv\Lib\site-packages\bubus\models.py", line 889, in wait_for_handler_to_complete_and_return_result
    raise self.error if isinstance(self.error, BaseException) else Exception(self.error)  # pyright: ignore[reportUnnecessaryIsInstance]
    ^^^^^^^^^^^^^^^^^^^^^^^^^^^^^^^^^^^^^^^^^^^^^^^^^^^^^^^^^^^^^^^^^^^^^^^^^^^^^^^^^^^^
  File "C:\Users\Sandeep\Downloads\ginger (1) 2\ginger\.venv\Lib\site-packages\bubus\service.py", line 1070, in _execute_handlers
    await self.execute_handler(event, handler, timeout=timeout)
  File "C:\Users\Sandeep\Downloads\ginger (1) 2\ginger\.venv\Lib\site-packages\bubus\service.py", line 1194, in execute_handler
    raise handler_timeout_error from e
TimeoutError: Event handler browser_use.browser.watchdog_base.BrowserSession.on_BrowserStartEvent#5056(?‚ñ∂ BrowserStartEvent#fc0f üèÉ) timed out after 30.0s and interrupted any processing of 1 child events
ERROR    [BrowserSession] üöå [StorageStateWatchdog.on_SaveStorageStateEvent(#c389)] ‚ùå Failed (0.00s): AssertionError: CDP URL not set - browser may not be configured or launched yet
ERROR    [BrowserSession] üöå [StorageStateWatchdog.on_SaveStorageStateEvent(#c389)] ‚ùå CDP connected but failed to re-create CDP session after error "AssertionError: CDP URL not set - browser may not be configured or launched yet" in on_SaveStorageStateEvent(SaveStorageStateEvent#c389): due to AssertionError: CDP URL not set - browser may not be configured or launched yet

ERROR    [bubus] ‚ùå EventBus_8008b5f7üü¢(‚è≥ 0 | ‚ñ∂Ô∏è 0 | ‚úÖ 3 ‚û°Ô∏è 30 üëÇ) Error in event handler browser_use.browser.watchdog_base.StorageStateWatchdog.on_SaveStorageStateEvent(?‚ñ∂ SaveStorageStateEvent#c389 ‚úÖ) -> 
AssertionError(CDP URL not set - browser may not be configured or launched yet)
Traceback (most recent call last):
  File "C:\Users\Sandeep\Downloads\ginger (1) 2\ginger\.venv\Lib\site-packages\bubus\service.py", line 1128, in execute_handler
    result_value: Any = await asyncio.wait_for(handler_task, timeout=event_result.timeout)
                        ^^^^^^^^^^^^^^^^^^^^^^^^^^^^^^^^^^^^^^^^^^^^^^^^^^^^^^^^^^^^^^^^^^
  File "C:\Program Files\WindowsApps\PythonSoftwareFoundation.Python.3.11_3.11.2544.0_x64__qbz5n2kfra8p0\Lib\asyncio\tasks.py", line 489, in wait_for
    return fut.result()
           ^^^^^^^^^^^^
  File "C:\Users\Sandeep\Downloads\ginger (1) 2\ginger\.venv\Lib\site-packages\browser_use\browser\watchdog_base.py", line 108, in unique_handler
    result = await actual_handler(event)
             ^^^^^^^^^^^^^^^^^^^^^^^^^^^
  File "C:\Users\Sandeep\Downloads\ginger (1) 2\ginger\.venv\Lib\site-packages\browser_use\browser\watchdogs\storage_state_watchdog.py", line 73, in on_SaveStorageStateEvent
    await self._save_storage_state(path)
  File "C:\Users\Sandeep\Downloads\ginger (1) 2\ginger\.venv\Lib\site-packages\browser_use\browser\watchdogs\storage_state_watchdog.py", line 168, in _save_storage_state
    assert await self.browser_session.get_or_create_cdp_session(target_id=None, new_socket=False)
           ^^^^^^^^^^^^^^^^^^^^^^^^^^^^^^^^^^^^^^^^^^^^^^^^^^^^^^^^^^^^^^^^^^^^^^^^^^^^^^^^^^^^^^
  File "C:\Users\Sandeep\Downloads\ginger (1) 2\ginger\.venv\Lib\site-packages\browser_use\browser\session.py", line 1052, in get_or_create_cdp_session
    assert self.cdp_url is not None, 'CDP URL not set - browser may not be configured or launched yet'
           ^^^^^^^^^^^^^^^^^^^^^^^^
AssertionError: CDP URL not set - browser may not be configured or launched yet

WARNING  [bubus] ‚åõÔ∏è EventBus_8008b5f7üü¢(‚è≥ 0 | ‚ñ∂Ô∏è 0 | ‚úÖ 5 ‚û°Ô∏è 30 üëÇ) Timeout waiting for event bus to be idle after 5s (processing: 0)
ERROR    [app.services.browser_use_service] Error executing task with browser-use: Event handler browser_use.browser.watchdog_base.BrowserSession.on_BrowserStartEvent#5056(?‚ñ∂ BrowserStartEvent#fc0f üèÉ) timed out after 30.0s and interrupted any processing of 1 child events
WARNING  [app.services.healing_orchestrator] Initial execution failed, attempting healing: Event handler browser_use.browser.watchdog_base.BrowserSession.on_BrowserStartEvent#5056(?‚ñ∂ BrowserStartEvent#fc0f üèÉ) timed out after 30.0s and interrupted any processing of 1 child events
INFO     [app.services.healing_orchestrator] Starting healing flow for task 5
INFO     [app.services.healing_orchestrator] Attempting browser-use healing, retry 1/2
INFO     [app.services.browser_use_service] Executing instruction: go to google.com search for dogs.
INFO     [Agent] üîó Found URL in task: https://google.com, adding as initial action...
INFO     [Agent] üéØ Task: go to google.com search for dogs.

IMPORTANT: Complete ONLY the instruction given above and then STOP immediately. Do not perform any additional actions like extracting data, scrolling further, or navigating to other pages unless explicitly requested in the instruction. You can make any auxiliary decisions needed to complete the instruction itself (like handling popups, accepting cookies, etc.), but do not go beyond what was asked.
INFO     [Agent] Starting a browser-use agent with version 0.9.0, with provider=openai and model=gpt-4o
INFO     [Agent]   ‚ñ∂Ô∏è   navigate: url: https://google.com, new_tab: False
ERROR    [tools] Action 'navigate' failed with error: Error executing action navigate: CDP client not initialized - browser may not be connected yet
ERROR    [Agent] ‚ùå Result failed 1/4 times:
 Expected at least one handler to return a non-None result, but none did! ?‚ñ∂ BrowserStateRequestEvent#86dc ‚úÖ -> {}
ERROR    [Agent] ‚ùå Result failed 2/4 times:
 Expected at least one handler to return a non-None result, but none did! ?‚ñ∂ BrowserStateRequestEvent#cde0 ‚úÖ -> {}
ERROR    [Agent] ‚ùå Result failed 3/4 times:
 Expected at least one handler to return a non-None result, but none did! ?‚ñ∂ BrowserStateRequestEvent#b8fa ‚úÖ -> {}
ERROR    [Agent] ‚ùå Result failed 4/4 times:
 Expected at least one handler to return a non-None result, but none did! ?‚ñ∂ BrowserStateRequestEvent#b15e ‚úÖ -> {}
ERROR    [Agent] ‚ùå Stopping due to 3 consecutive failures
INFO     [app.services.browser_use_service] Instruction completed in 3.40s
INFO     [app.services.healing_orchestrator] Browser-use healing successful on retry 1
ERROR    [app.services.healing_orchestrator] Error in execute_with_healing: Instance <Task at 0x18f753afa90> is not bound to a Session; attribute refresh operation cannot proceed (Background on this error at: https://sqlalche.me/e/20/bhk3)
